[I 2021-03-31 22:05:58.539 ServerApp] jupyterlab | extension was successfully linked.
[W 2021-03-31 22:05:58.543 NotebookApp] 'password' has moved from NotebookApp to ServerApp. This config will be passed to ServerApp. Be sure to update your config before our next release.
[I 2021-03-31 22:05:58.886 ServerApp] nbclassic | extension was successfully linked.
[I 2021-03-31 22:05:58.958 LabApp] JupyterLab extension loaded from /mnt/d/SubLinux/anaconda3/envs/dev/lib/python3.8/site-packages/jupyterlab
[I 2021-03-31 22:05:58.958 LabApp] JupyterLab application directory is /mnt/d/SubLinux/anaconda3/envs/dev/share/jupyter/lab
[I 2021-03-31 22:05:58.960 ServerApp] jupyterlab | extension was successfully loaded.
[I 2021-03-31 22:05:58.975 ServerApp] nbclassic | extension was successfully loaded.
[I 2021-03-31 22:05:58.976 ServerApp] Serving notebooks from local directory: /mnt/d/SubLinux/Source/cardiac_seg/mlutils
[I 2021-03-31 22:05:58.976 ServerApp] Jupyter Server 1.2.2 is running at:
[I 2021-03-31 22:05:58.976 ServerApp] http://localhost:2021/lab
[I 2021-03-31 22:05:58.976 ServerApp]  or http://127.0.0.1:2021/lab
[I 2021-03-31 22:05:58.976 ServerApp] Use Control-C to stop this server and shut down all kernels (twice to skip confirmation).
[W 2021-03-31 22:05:59.329 ServerApp] 404 GET /api/kernels/752bcd9b-0267-4efb-a7eb-499ab5f56db3/channels?session_id=17eb61d5-e746-4d5b-9545-66e09ce529f1 (127.0.0.1): Kernel does not exist: 752bcd9b-0267-4efb-a7eb-499ab5f56db3
[W 2021-03-31 22:05:59.347 ServerApp] 404 GET /api/kernels/752bcd9b-0267-4efb-a7eb-499ab5f56db3/channels?session_id=17eb61d5-e746-4d5b-9545-66e09ce529f1 (127.0.0.1) 18.36ms referer=None
[W 2021-03-31 22:06:01.330 ServerApp] 404 GET /api/kernels/752bcd9b-0267-4efb-a7eb-499ab5f56db3/channels?session_id=b0cb8c21-8523-4526-a141-4d24a7a22f50 (127.0.0.1): Kernel does not exist: 752bcd9b-0267-4efb-a7eb-499ab5f56db3
[W 2021-03-31 22:06:01.331 ServerApp] 404 GET /api/kernels/752bcd9b-0267-4efb-a7eb-499ab5f56db3/channels?session_id=b0cb8c21-8523-4526-a141-4d24a7a22f50 (127.0.0.1) 1.35ms referer=None
[W 2021-03-31 22:06:03.329 ServerApp] Replacing stale connection: 752bcd9b-0267-4efb-a7eb-499ab5f56db3:17eb61d5-e746-4d5b-9545-66e09ce529f1
[W 2021-03-31 22:10:03.041 ServerApp] Replacing stale connection: 752bcd9b-0267-4efb-a7eb-499ab5f56db3:b0cb8c21-8523-4526-a141-4d24a7a22f50
[W 2021-03-31 22:10:12.331 ServerApp] Replacing stale connection: 752bcd9b-0267-4efb-a7eb-499ab5f56db3:17eb61d5-e746-4d5b-9545-66e09ce529f1
[I 2021-03-31 22:18:11.035 ServerApp] Saving file at /test/test_inspector.ipynb
[I 2021-03-31 22:18:14.558 ServerApp] Saving file at /test/test_inspector.ipynb
[I 2021-03-31 22:18:15.714 ServerApp] Saving file at /test/test_inspector.ipynb
[I 2021-03-31 22:18:31.741 ServerApp] Saving file at /test/test_inspector.ipynb
[I 2021-03-31 22:18:33.293 ServerApp] Saving file at /test/test_inspector.ipynb
[I 2021-03-31 22:18:36.844 ServerApp] Saving file at /test/test_inspector.ipynb
[I 2021-03-31 22:20:38.054 ServerApp] Saving file at /test/test_inspector.ipynb
[I 2021-03-31 22:23:00.251 ServerApp] Saving file at /test/test_inspector.ipynb
[I 2021-03-31 22:23:16.033 ServerApp] Creating new directory in /test
[I 2021-03-31 22:24:02.574 ServerApp] Uploading file to /test/asset/both.png
[I 2021-03-31 22:24:28.947 ServerApp] Saving file at /test/test_inspector.ipynb
[I 2021-03-31 22:24:34.863 ServerApp] Saving file at /test/test_inspector.ipynb
[I 2021-03-31 22:24:39.307 ServerApp] Saving file at /test/test_inspector.ipynb
[I 2021-03-31 22:24:39.966 ServerApp] Saving file at /test/test_inspector.ipynb
[I 2021-03-31 22:25:26.066 ServerApp] Saving file at /test/test_inspector.ipynb
[I 2021-03-31 22:25:26.844 ServerApp] Saving file at /test/test_inspector.ipynb
[I 2021-03-31 22:25:37.999 ServerApp] Saving file at /test/test_inspector.ipynb
[I 2021-03-31 22:25:53.646 ServerApp] Saving file at /test/test_inspector.ipynb
[I 2021-03-31 22:25:56.027 ServerApp] Saving file at /test/test_inspector.ipynb
[I 2021-03-31 22:26:13.586 ServerApp] Saving file at /test/test_inspector.ipynb
[I 2021-03-31 22:26:55.739 ServerApp] Saving file at /test/test_inspector.ipynb
[I 2021-03-31 22:27:40.859 ServerApp] Saving file at /test/test_inspector.ipynb
[I 2021-03-31 22:27:49.855 ServerApp] Saving file at /test/test_inspector.ipynb
[I 2021-03-31 22:27:59.231 ServerApp] Saving file at /test/test_inspector.ipynb
[I 2021-03-31 22:28:01.499 ServerApp] Saving file at /test/test_inspector.ipynb
[I 2021-03-31 22:28:36.437 ServerApp] Saving file at /test/test_inspector.ipynb
[I 2021-03-31 22:28:40.055 ServerApp] Saving file at /test/test_inspector.ipynb
[I 2021-03-31 22:28:43.617 ServerApp] Kernel started: 2c258403-486b-4885-b6d4-a5aec5fb805e
[I 2021-03-31 22:29:03.212 ServerApp] Saving file at /test/test_inspector.ipynb
[I 2021-03-31 22:29:04.347 ServerApp] Saving file at /test/test_inspector.ipynb
[I 2021-03-31 22:29:13.784 ServerApp] Kernel restarted: 2c258403-486b-4885-b6d4-a5aec5fb805e
[I 2021-03-31 22:29:13.794 ServerApp] Starting buffering for 2c258403-486b-4885-b6d4-a5aec5fb805e:9f5ef2d0-f5c5-4792-add2-c4f9d2942eaa
[I 2021-03-31 22:29:14.095 ServerApp] Restoring connection for 2c258403-486b-4885-b6d4-a5aec5fb805e:9f5ef2d0-f5c5-4792-add2-c4f9d2942eaa
[I 2021-03-31 22:29:30.260 ServerApp] Saving file at /test/test_inspector.ipynb
[I 2021-03-31 22:29:34.149 ServerApp] Kernel restarted: 2c258403-486b-4885-b6d4-a5aec5fb805e
[I 2021-03-31 22:29:34.160 ServerApp] Starting buffering for 2c258403-486b-4885-b6d4-a5aec5fb805e:9f5ef2d0-f5c5-4792-add2-c4f9d2942eaa
[I 2021-03-31 22:29:34.461 ServerApp] Restoring connection for 2c258403-486b-4885-b6d4-a5aec5fb805e:9f5ef2d0-f5c5-4792-add2-c4f9d2942eaa
[I 2021-03-31 22:31:08.984 ServerApp] Kernel restarted: 2c258403-486b-4885-b6d4-a5aec5fb805e
[I 2021-03-31 22:31:08.991 ServerApp] Starting buffering for 2c258403-486b-4885-b6d4-a5aec5fb805e:9f5ef2d0-f5c5-4792-add2-c4f9d2942eaa
[I 2021-03-31 22:31:09.296 ServerApp] Restoring connection for 2c258403-486b-4885-b6d4-a5aec5fb805e:9f5ef2d0-f5c5-4792-add2-c4f9d2942eaa
[I 2021-03-31 22:31:24.615 ServerApp] Saving file at /test/test_inspector.ipynb
[I 2021-03-31 22:31:28.795 ServerApp] Kernel restarted: 2c258403-486b-4885-b6d4-a5aec5fb805e
[I 2021-03-31 22:31:28.806 ServerApp] Starting buffering for 2c258403-486b-4885-b6d4-a5aec5fb805e:9f5ef2d0-f5c5-4792-add2-c4f9d2942eaa
[I 2021-03-31 22:31:29.108 ServerApp] Restoring connection for 2c258403-486b-4885-b6d4-a5aec5fb805e:9f5ef2d0-f5c5-4792-add2-c4f9d2942eaa
[I 2021-03-31 22:31:53.016 ServerApp] Kernel restarted: 2c258403-486b-4885-b6d4-a5aec5fb805e
[I 2021-03-31 22:31:53.024 ServerApp] Starting buffering for 2c258403-486b-4885-b6d4-a5aec5fb805e:9f5ef2d0-f5c5-4792-add2-c4f9d2942eaa
[I 2021-03-31 22:31:53.332 ServerApp] Restoring connection for 2c258403-486b-4885-b6d4-a5aec5fb805e:9f5ef2d0-f5c5-4792-add2-c4f9d2942eaa
[I 2021-03-31 22:32:23.328 ServerApp] Kernel restarted: 2c258403-486b-4885-b6d4-a5aec5fb805e
[I 2021-03-31 22:32:23.335 ServerApp] Starting buffering for 2c258403-486b-4885-b6d4-a5aec5fb805e:9f5ef2d0-f5c5-4792-add2-c4f9d2942eaa
[I 2021-03-31 22:32:23.642 ServerApp] Restoring connection for 2c258403-486b-4885-b6d4-a5aec5fb805e:9f5ef2d0-f5c5-4792-add2-c4f9d2942eaa
[I 2021-03-31 22:33:08.222 ServerApp] Kernel restarted: 2c258403-486b-4885-b6d4-a5aec5fb805e
[I 2021-03-31 22:33:08.231 ServerApp] Starting buffering for 2c258403-486b-4885-b6d4-a5aec5fb805e:9f5ef2d0-f5c5-4792-add2-c4f9d2942eaa
[I 2021-03-31 22:33:08.534 ServerApp] Restoring connection for 2c258403-486b-4885-b6d4-a5aec5fb805e:9f5ef2d0-f5c5-4792-add2-c4f9d2942eaa
[I 2021-03-31 22:33:24.706 ServerApp] Saving file at /test/test_inspector.ipynb
[I 2021-03-31 22:34:49.476 ServerApp] Saving file at /test/test_inspector.ipynb
[I 2021-03-31 22:34:51.245 ServerApp] Saving file at /test/test_inspector.ipynb
[I 2021-03-31 22:34:59.038 ServerApp] Saving file at /test/test_inspector.ipynb
[I 2021-03-31 22:35:02.235 ServerApp] Kernel restarted: 2c258403-486b-4885-b6d4-a5aec5fb805e
[I 2021-03-31 22:35:02.244 ServerApp] Starting buffering for 2c258403-486b-4885-b6d4-a5aec5fb805e:9f5ef2d0-f5c5-4792-add2-c4f9d2942eaa
[I 2021-03-31 22:35:02.547 ServerApp] Restoring connection for 2c258403-486b-4885-b6d4-a5aec5fb805e:9f5ef2d0-f5c5-4792-add2-c4f9d2942eaa
[I 2021-03-31 22:35:23.813 ServerApp] Saving file at /test/test_inspector.ipynb
[I 2021-03-31 22:36:01.597 ServerApp] Saving file at /test/test_inspector.ipynb
[I 2021-03-31 22:36:05.514 ServerApp] Kernel restarted: 2c258403-486b-4885-b6d4-a5aec5fb805e
[I 2021-03-31 22:36:05.524 ServerApp] Starting buffering for 2c258403-486b-4885-b6d4-a5aec5fb805e:9f5ef2d0-f5c5-4792-add2-c4f9d2942eaa
[I 2021-03-31 22:36:05.827 ServerApp] Restoring connection for 2c258403-486b-4885-b6d4-a5aec5fb805e:9f5ef2d0-f5c5-4792-add2-c4f9d2942eaa
[I 2021-03-31 22:37:04.444 ServerApp] Saving file at /test/test_inspector.ipynb
[I 2021-03-31 22:37:06.777 ServerApp] Saving file at /test/test_inspector.ipynb
[I 2021-03-31 22:37:10.414 ServerApp] Kernel restarted: 2c258403-486b-4885-b6d4-a5aec5fb805e
[I 2021-03-31 22:37:10.427 ServerApp] Starting buffering for 2c258403-486b-4885-b6d4-a5aec5fb805e:9f5ef2d0-f5c5-4792-add2-c4f9d2942eaa
[I 2021-03-31 22:37:10.731 ServerApp] Restoring connection for 2c258403-486b-4885-b6d4-a5aec5fb805e:9f5ef2d0-f5c5-4792-add2-c4f9d2942eaa
[I 2021-03-31 22:37:24.154 ServerApp] Saving file at /test/test_inspector.ipynb
[I 2021-03-31 22:37:27.985 ServerApp] Kernel restarted: 2c258403-486b-4885-b6d4-a5aec5fb805e
[I 2021-03-31 22:37:27.995 ServerApp] Starting buffering for 2c258403-486b-4885-b6d4-a5aec5fb805e:9f5ef2d0-f5c5-4792-add2-c4f9d2942eaa
[I 2021-03-31 22:37:28.298 ServerApp] Restoring connection for 2c258403-486b-4885-b6d4-a5aec5fb805e:9f5ef2d0-f5c5-4792-add2-c4f9d2942eaa
[I 2021-03-31 22:37:53.597 ServerApp] Saving file at /test/test_inspector.ipynb
[I 2021-03-31 22:37:57.525 ServerApp] Kernel restarted: 2c258403-486b-4885-b6d4-a5aec5fb805e
[I 2021-03-31 22:37:57.540 ServerApp] Starting buffering for 2c258403-486b-4885-b6d4-a5aec5fb805e:9f5ef2d0-f5c5-4792-add2-c4f9d2942eaa
[I 2021-03-31 22:37:57.847 ServerApp] Restoring connection for 2c258403-486b-4885-b6d4-a5aec5fb805e:9f5ef2d0-f5c5-4792-add2-c4f9d2942eaa
[I 2021-03-31 22:38:12.846 ServerApp] Saving file at /test/test_inspector.ipynb
[I 2021-03-31 22:38:16.689 ServerApp] Kernel restarted: 2c258403-486b-4885-b6d4-a5aec5fb805e
[I 2021-03-31 22:38:16.702 ServerApp] Starting buffering for 2c258403-486b-4885-b6d4-a5aec5fb805e:9f5ef2d0-f5c5-4792-add2-c4f9d2942eaa
[I 2021-03-31 22:38:17.005 ServerApp] Restoring connection for 2c258403-486b-4885-b6d4-a5aec5fb805e:9f5ef2d0-f5c5-4792-add2-c4f9d2942eaa
[I 2021-03-31 22:39:18.794 ServerApp] Saving file at /test/test_inspector.ipynb
[I 2021-03-31 22:39:31.353 ServerApp] Saving file at /test/test_inspector.ipynb
[I 2021-03-31 22:39:47.849 ServerApp] Saving file at /test/test_inspector.ipynb
[I 2021-03-31 22:39:54.584 ServerApp] Saving file at /test/test_inspector.ipynb
[I 2021-03-31 22:39:59.470 ServerApp] Kernel restarted: 2c258403-486b-4885-b6d4-a5aec5fb805e
[I 2021-03-31 22:39:59.481 ServerApp] Starting buffering for 2c258403-486b-4885-b6d4-a5aec5fb805e:9f5ef2d0-f5c5-4792-add2-c4f9d2942eaa
[I 2021-03-31 22:39:59.785 ServerApp] Restoring connection for 2c258403-486b-4885-b6d4-a5aec5fb805e:9f5ef2d0-f5c5-4792-add2-c4f9d2942eaa
[W 2021-03-31 22:40:04.299 ServerApp] Nudge: attempt 10 on kernel 2c258403-486b-4885-b6d4-a5aec5fb805e
[I 2021-03-31 22:41:14.724 ServerApp] Saving file at /test/test_inspector.ipynb
[I 2021-03-31 22:41:27.913 ServerApp] Saving file at /test/test_inspector.ipynb
[I 2021-03-31 22:41:30.778 ServerApp] Saving file at /test/test_inspector.ipynb
[I 2021-03-31 22:41:32.521 ServerApp] Saving file at /test/test_inspector.ipynb
[I 2021-03-31 22:41:40.872 ServerApp] Saving file at /test/test_inspector.ipynb
[I 2021-03-31 22:41:43.960 ServerApp] Saving file at /test/test_inspector.ipynb
[I 2021-03-31 22:41:57.784 ServerApp] Saving file at /test/test_inspector.ipynb
[I 2021-03-31 22:42:19.128 ServerApp] Saving file at /test/test_inspector.ipynb
[I 2021-03-31 22:42:24.957 ServerApp] Kernel restarted: 2c258403-486b-4885-b6d4-a5aec5fb805e
[I 2021-03-31 22:42:24.968 ServerApp] Starting buffering for 2c258403-486b-4885-b6d4-a5aec5fb805e:9f5ef2d0-f5c5-4792-add2-c4f9d2942eaa
[I 2021-03-31 22:42:25.276 ServerApp] Restoring connection for 2c258403-486b-4885-b6d4-a5aec5fb805e:9f5ef2d0-f5c5-4792-add2-c4f9d2942eaa
[W 2021-03-31 22:42:29.791 ServerApp] Nudge: attempt 10 on kernel 2c258403-486b-4885-b6d4-a5aec5fb805e
[I 2021-03-31 22:42:47.432 ServerApp] Saving file at /test/test_inspector.ipynb
[I 2021-03-31 22:44:47.586 ServerApp] Saving file at /test/test_inspector.ipynb
[I 2021-03-31 22:44:49.575 ServerApp] Saving file at /test/test_inspector.ipynb
[I 2021-03-31 22:44:50.636 ServerApp] Saving file at /test/test_inspector.ipynb
[I 2021-03-31 22:45:51.880 ServerApp] Saving file at /test/test_inspector.ipynb
[I 2021-03-31 22:46:06.299 ServerApp] Saving file at /test/test_inspector.ipynb
[I 2021-03-31 22:46:38.864 ServerApp] Saving file at /test/test_inspector.ipynb
[I 2021-03-31 22:46:42.555 ServerApp] Saving file at /test/test_inspector.ipynb
[I 2021-03-31 22:46:43.641 ServerApp] Saving file at /test/test_inspector.ipynb
[I 2021-03-31 22:46:59.185 ServerApp] Kernel restarted: 2c258403-486b-4885-b6d4-a5aec5fb805e
[I 2021-03-31 22:46:59.194 ServerApp] Starting buffering for 2c258403-486b-4885-b6d4-a5aec5fb805e:9f5ef2d0-f5c5-4792-add2-c4f9d2942eaa
[I 2021-03-31 22:46:59.502 ServerApp] Restoring connection for 2c258403-486b-4885-b6d4-a5aec5fb805e:9f5ef2d0-f5c5-4792-add2-c4f9d2942eaa
[I 2021-03-31 22:48:13.383 ServerApp] Kernel restarted: 2c258403-486b-4885-b6d4-a5aec5fb805e
[I 2021-03-31 22:48:13.393 ServerApp] Starting buffering for 2c258403-486b-4885-b6d4-a5aec5fb805e:9f5ef2d0-f5c5-4792-add2-c4f9d2942eaa
[I 2021-03-31 22:48:13.695 ServerApp] Restoring connection for 2c258403-486b-4885-b6d4-a5aec5fb805e:9f5ef2d0-f5c5-4792-add2-c4f9d2942eaa
[I 2021-03-31 22:48:43.789 ServerApp] Saving file at /test/test_inspector.ipynb
[I 2021-03-31 22:50:27.496 ServerApp] Kernel restarted: 2c258403-486b-4885-b6d4-a5aec5fb805e
[I 2021-03-31 22:50:27.504 ServerApp] Starting buffering for 2c258403-486b-4885-b6d4-a5aec5fb805e:9f5ef2d0-f5c5-4792-add2-c4f9d2942eaa
[I 2021-03-31 22:50:27.808 ServerApp] Restoring connection for 2c258403-486b-4885-b6d4-a5aec5fb805e:9f5ef2d0-f5c5-4792-add2-c4f9d2942eaa
[I 2021-03-31 22:50:43.910 ServerApp] Saving file at /test/test_inspector.ipynb
[I 2021-03-31 22:50:54.087 ServerApp] Saving file at /test/test_inspector.ipynb
[I 2021-03-31 22:50:57.689 ServerApp] Kernel restarted: 2c258403-486b-4885-b6d4-a5aec5fb805e
[I 2021-03-31 22:50:57.695 ServerApp] Starting buffering for 2c258403-486b-4885-b6d4-a5aec5fb805e:9f5ef2d0-f5c5-4792-add2-c4f9d2942eaa
[I 2021-03-31 22:50:58.001 ServerApp] Restoring connection for 2c258403-486b-4885-b6d4-a5aec5fb805e:9f5ef2d0-f5c5-4792-add2-c4f9d2942eaa
[I 2021-03-31 22:52:27.946 ServerApp] Kernel restarted: 2c258403-486b-4885-b6d4-a5aec5fb805e
[I 2021-03-31 22:52:27.955 ServerApp] Starting buffering for 2c258403-486b-4885-b6d4-a5aec5fb805e:9f5ef2d0-f5c5-4792-add2-c4f9d2942eaa
[I 2021-03-31 22:52:28.258 ServerApp] Restoring connection for 2c258403-486b-4885-b6d4-a5aec5fb805e:9f5ef2d0-f5c5-4792-add2-c4f9d2942eaa
[I 2021-03-31 22:52:36.473 ServerApp] Saving file at /test/test_inspector.ipynb
[I 2021-03-31 22:53:42.787 ServerApp] Saving file at /test/test_inspector.ipynb
[I 2021-03-31 22:53:44.070 ServerApp] Saving file at /test/test_inspector.ipynb
[I 2021-03-31 22:53:47.572 ServerApp] Kernel restarted: 2c258403-486b-4885-b6d4-a5aec5fb805e
[I 2021-03-31 22:53:47.579 ServerApp] Starting buffering for 2c258403-486b-4885-b6d4-a5aec5fb805e:9f5ef2d0-f5c5-4792-add2-c4f9d2942eaa
[I 2021-03-31 22:53:47.883 ServerApp] Restoring connection for 2c258403-486b-4885-b6d4-a5aec5fb805e:9f5ef2d0-f5c5-4792-add2-c4f9d2942eaa
[I 2021-03-31 22:55:44.146 ServerApp] Saving file at /test/test_inspector.ipynb
[I 2021-03-31 22:56:30.477 ServerApp] Saving file at /test/test_inspector.ipynb
[I 2021-03-31 22:56:31.414 ServerApp] Saving file at /test/test_inspector.ipynb
[I 2021-03-31 22:56:36.548 ServerApp] Saving file at /test/test_inspector.ipynb
[I 2021-03-31 22:58:37.042 ServerApp] Saving file at /test/test_inspector.ipynb
[I 2021-03-31 23:03:46.549 ServerApp] Saving file at /test/test_inspector.ipynb
[I 2021-03-31 23:04:20.962 ServerApp] Saving file at /test/test_inspector.ipynb
[I 2021-03-31 23:04:54.421 ServerApp] Saving file at /test/test_inspector.ipynb
[I 2021-03-31 23:05:57.789 ServerApp] Saving file at /test/test_inspector.ipynb
[I 2021-03-31 23:06:00.467 ServerApp] Saving file at /test/test_inspector.ipynb
[I 2021-03-31 23:06:19.303 ServerApp] Saving file at /test/test_inspector.ipynb
[I 2021-03-31 23:07:16.888 ServerApp] Saving file at /test/test_inspector.ipynb
[I 2021-03-31 23:33:31.135 ServerApp] Saving file at /test/test_inspector.ipynb
[I 2021-03-31 23:33:34.189 ServerApp] Saving file at /test/test_inspector.ipynb
[I 2021-03-31 23:33:34.941 ServerApp] Saving file at /test/test_inspector.ipynb
[I 2021-03-31 23:33:56.606 ServerApp] Saving file at /test/test_inspector.ipynb
[I 2021-03-31 23:33:58.717 ServerApp] Saving file at /test/test_inspector.ipynb
[I 2021-03-31 23:34:07.298 ServerApp] Saving file at /test/test_inspector.ipynb
[I 2021-03-31 23:34:12.637 ServerApp] Saving file at /test/test_inspector.ipynb
[I 2021-03-31 23:36:13.039 ServerApp] Saving file at /test/test_inspector.ipynb
[I 2021-03-31 23:51:35.535 ServerApp] Saving file at /test/test_inspector.ipynb
[I 2021-03-31 23:51:37.002 ServerApp] Saving file at /test/test_inspector.ipynb
[I 2021-03-31 23:51:43.829 ServerApp] Kernel restarted: 2c258403-486b-4885-b6d4-a5aec5fb805e
[I 2021-03-31 23:51:43.836 ServerApp] Starting buffering for 2c258403-486b-4885-b6d4-a5aec5fb805e:9f5ef2d0-f5c5-4792-add2-c4f9d2942eaa
[I 2021-03-31 23:51:44.142 ServerApp] Restoring connection for 2c258403-486b-4885-b6d4-a5aec5fb805e:9f5ef2d0-f5c5-4792-add2-c4f9d2942eaa
[W 2021-03-31 23:51:48.654 ServerApp] Nudge: attempt 10 on kernel 2c258403-486b-4885-b6d4-a5aec5fb805e
[I 2021-03-31 23:53:38.034 ServerApp] Saving file at /test/test_inspector.ipynb
[I 2021-03-31 23:53:42.018 ServerApp] Kernel restarted: 2c258403-486b-4885-b6d4-a5aec5fb805e
[I 2021-03-31 23:53:42.027 ServerApp] Starting buffering for 2c258403-486b-4885-b6d4-a5aec5fb805e:9f5ef2d0-f5c5-4792-add2-c4f9d2942eaa
[I 2021-03-31 23:53:42.331 ServerApp] Restoring connection for 2c258403-486b-4885-b6d4-a5aec5fb805e:9f5ef2d0-f5c5-4792-add2-c4f9d2942eaa
[I 2021-03-31 23:54:38.388 ServerApp] Kernel restarted: 2c258403-486b-4885-b6d4-a5aec5fb805e
[I 2021-03-31 23:54:38.396 ServerApp] Starting buffering for 2c258403-486b-4885-b6d4-a5aec5fb805e:9f5ef2d0-f5c5-4792-add2-c4f9d2942eaa
[I 2021-03-31 23:54:38.702 ServerApp] Restoring connection for 2c258403-486b-4885-b6d4-a5aec5fb805e:9f5ef2d0-f5c5-4792-add2-c4f9d2942eaa
[I 2021-03-31 23:54:50.273 ServerApp] Saving file at /test/test_inspector.ipynb
[I 2021-04-01 00:01:05.011 ServerApp] Kernel restarted: 2c258403-486b-4885-b6d4-a5aec5fb805e
[I 2021-04-01 00:01:05.018 ServerApp] Starting buffering for 2c258403-486b-4885-b6d4-a5aec5fb805e:9f5ef2d0-f5c5-4792-add2-c4f9d2942eaa
[I 2021-04-01 00:01:05.321 ServerApp] Restoring connection for 2c258403-486b-4885-b6d4-a5aec5fb805e:9f5ef2d0-f5c5-4792-add2-c4f9d2942eaa
[I 2021-04-01 00:01:40.638 ServerApp] Kernel restarted: 2c258403-486b-4885-b6d4-a5aec5fb805e
[I 2021-04-01 00:01:40.652 ServerApp] Starting buffering for 2c258403-486b-4885-b6d4-a5aec5fb805e:9f5ef2d0-f5c5-4792-add2-c4f9d2942eaa
[I 2021-04-01 00:01:40.955 ServerApp] Restoring connection for 2c258403-486b-4885-b6d4-a5aec5fb805e:9f5ef2d0-f5c5-4792-add2-c4f9d2942eaa
[I 2021-04-01 00:02:24.464 ServerApp] Kernel restarted: 2c258403-486b-4885-b6d4-a5aec5fb805e
[I 2021-04-01 00:02:24.470 ServerApp] Starting buffering for 2c258403-486b-4885-b6d4-a5aec5fb805e:9f5ef2d0-f5c5-4792-add2-c4f9d2942eaa
[I 2021-04-01 00:02:24.774 ServerApp] Restoring connection for 2c258403-486b-4885-b6d4-a5aec5fb805e:9f5ef2d0-f5c5-4792-add2-c4f9d2942eaa
[I 2021-04-01 00:02:54.048 ServerApp] Saving file at /test/test_inspector.ipynb
[I 2021-04-01 00:03:04.686 ServerApp] Kernel restarted: 2c258403-486b-4885-b6d4-a5aec5fb805e
[I 2021-04-01 00:03:04.694 ServerApp] Starting buffering for 2c258403-486b-4885-b6d4-a5aec5fb805e:9f5ef2d0-f5c5-4792-add2-c4f9d2942eaa
[I 2021-04-01 00:03:04.997 ServerApp] Restoring connection for 2c258403-486b-4885-b6d4-a5aec5fb805e:9f5ef2d0-f5c5-4792-add2-c4f9d2942eaa
[I 2021-04-01 00:04:21.062 ServerApp] Kernel restarted: 2c258403-486b-4885-b6d4-a5aec5fb805e
[I 2021-04-01 00:04:21.070 ServerApp] Starting buffering for 2c258403-486b-4885-b6d4-a5aec5fb805e:9f5ef2d0-f5c5-4792-add2-c4f9d2942eaa
[I 2021-04-01 00:04:21.376 ServerApp] Restoring connection for 2c258403-486b-4885-b6d4-a5aec5fb805e:9f5ef2d0-f5c5-4792-add2-c4f9d2942eaa
[I 2021-04-01 00:04:44.640 ServerApp] Kernel restarted: 2c258403-486b-4885-b6d4-a5aec5fb805e
[I 2021-04-01 00:04:44.648 ServerApp] Starting buffering for 2c258403-486b-4885-b6d4-a5aec5fb805e:9f5ef2d0-f5c5-4792-add2-c4f9d2942eaa
[I 2021-04-01 00:04:44.952 ServerApp] Restoring connection for 2c258403-486b-4885-b6d4-a5aec5fb805e:9f5ef2d0-f5c5-4792-add2-c4f9d2942eaa
[I 2021-04-01 00:04:54.195 ServerApp] Saving file at /test/test_inspector.ipynb
[I 2021-04-01 00:06:02.370 ServerApp] Kernel restarted: 2c258403-486b-4885-b6d4-a5aec5fb805e
[I 2021-04-01 00:06:02.377 ServerApp] Starting buffering for 2c258403-486b-4885-b6d4-a5aec5fb805e:9f5ef2d0-f5c5-4792-add2-c4f9d2942eaa
[I 2021-04-01 00:06:02.697 ServerApp] Restoring connection for 2c258403-486b-4885-b6d4-a5aec5fb805e:9f5ef2d0-f5c5-4792-add2-c4f9d2942eaa
[I 2021-04-01 00:06:55.038 ServerApp] Saving file at /test/test_inspector.ipynb
[I 2021-04-01 00:08:45.500 ServerApp] Kernel restarted: 2c258403-486b-4885-b6d4-a5aec5fb805e
[I 2021-04-01 00:08:45.510 ServerApp] Starting buffering for 2c258403-486b-4885-b6d4-a5aec5fb805e:9f5ef2d0-f5c5-4792-add2-c4f9d2942eaa
[I 2021-04-01 00:08:45.812 ServerApp] Restoring connection for 2c258403-486b-4885-b6d4-a5aec5fb805e:9f5ef2d0-f5c5-4792-add2-c4f9d2942eaa
[I 2021-04-01 00:08:55.120 ServerApp] Saving file at /test/test_inspector.ipynb
[I 2021-04-01 00:11:47.697 ServerApp] Kernel restarted: 2c258403-486b-4885-b6d4-a5aec5fb805e
[I 2021-04-01 00:11:47.704 ServerApp] Starting buffering for 2c258403-486b-4885-b6d4-a5aec5fb805e:9f5ef2d0-f5c5-4792-add2-c4f9d2942eaa
[I 2021-04-01 00:11:48.009 ServerApp] Restoring connection for 2c258403-486b-4885-b6d4-a5aec5fb805e:9f5ef2d0-f5c5-4792-add2-c4f9d2942eaa
[I 2021-04-01 00:12:56.051 ServerApp] Saving file at /test/test_inspector.ipynb
[I 2021-04-01 00:13:02.551 ServerApp] Kernel restarted: 2c258403-486b-4885-b6d4-a5aec5fb805e
[I 2021-04-01 00:13:02.559 ServerApp] Starting buffering for 2c258403-486b-4885-b6d4-a5aec5fb805e:9f5ef2d0-f5c5-4792-add2-c4f9d2942eaa
[I 2021-04-01 00:13:02.862 ServerApp] Restoring connection for 2c258403-486b-4885-b6d4-a5aec5fb805e:9f5ef2d0-f5c5-4792-add2-c4f9d2942eaa
[I 2021-04-01 00:14:26.450 ServerApp] Kernel restarted: 2c258403-486b-4885-b6d4-a5aec5fb805e
[I 2021-04-01 00:14:26.458 ServerApp] Starting buffering for 2c258403-486b-4885-b6d4-a5aec5fb805e:9f5ef2d0-f5c5-4792-add2-c4f9d2942eaa
[I 2021-04-01 00:14:26.763 ServerApp] Restoring connection for 2c258403-486b-4885-b6d4-a5aec5fb805e:9f5ef2d0-f5c5-4792-add2-c4f9d2942eaa
[I 2021-04-01 00:14:57.034 ServerApp] Saving file at /test/test_inspector.ipynb
[I 2021-04-01 00:15:08.573 ServerApp] Kernel restarted: 2c258403-486b-4885-b6d4-a5aec5fb805e
[I 2021-04-01 00:15:08.580 ServerApp] Starting buffering for 2c258403-486b-4885-b6d4-a5aec5fb805e:9f5ef2d0-f5c5-4792-add2-c4f9d2942eaa
[I 2021-04-01 00:15:08.884 ServerApp] Restoring connection for 2c258403-486b-4885-b6d4-a5aec5fb805e:9f5ef2d0-f5c5-4792-add2-c4f9d2942eaa
[I 2021-04-01 00:15:53.886 ServerApp] Kernel restarted: 2c258403-486b-4885-b6d4-a5aec5fb805e
[I 2021-04-01 00:15:53.894 ServerApp] Starting buffering for 2c258403-486b-4885-b6d4-a5aec5fb805e:9f5ef2d0-f5c5-4792-add2-c4f9d2942eaa
[I 2021-04-01 00:15:54.199 ServerApp] Restoring connection for 2c258403-486b-4885-b6d4-a5aec5fb805e:9f5ef2d0-f5c5-4792-add2-c4f9d2942eaa
[I 2021-04-01 00:16:58.034 ServerApp] Saving file at /test/test_inspector.ipynb
[I 2021-04-01 00:17:33.539 ServerApp] Kernel restarted: 2c258403-486b-4885-b6d4-a5aec5fb805e
[I 2021-04-01 00:17:33.546 ServerApp] Starting buffering for 2c258403-486b-4885-b6d4-a5aec5fb805e:9f5ef2d0-f5c5-4792-add2-c4f9d2942eaa
[I 2021-04-01 00:17:33.849 ServerApp] Restoring connection for 2c258403-486b-4885-b6d4-a5aec5fb805e:9f5ef2d0-f5c5-4792-add2-c4f9d2942eaa
[I 2021-04-01 00:17:56.411 ServerApp] Kernel restarted: 2c258403-486b-4885-b6d4-a5aec5fb805e
[I 2021-04-01 00:17:56.419 ServerApp] Starting buffering for 2c258403-486b-4885-b6d4-a5aec5fb805e:9f5ef2d0-f5c5-4792-add2-c4f9d2942eaa
[I 2021-04-01 00:17:56.724 ServerApp] Restoring connection for 2c258403-486b-4885-b6d4-a5aec5fb805e:9f5ef2d0-f5c5-4792-add2-c4f9d2942eaa
[I 2021-04-01 00:18:50.077 ServerApp] Kernel restarted: 2c258403-486b-4885-b6d4-a5aec5fb805e
[I 2021-04-01 00:18:50.084 ServerApp] Starting buffering for 2c258403-486b-4885-b6d4-a5aec5fb805e:9f5ef2d0-f5c5-4792-add2-c4f9d2942eaa
[I 2021-04-01 00:18:50.389 ServerApp] Restoring connection for 2c258403-486b-4885-b6d4-a5aec5fb805e:9f5ef2d0-f5c5-4792-add2-c4f9d2942eaa
[I 2021-04-01 00:18:58.095 ServerApp] Saving file at /test/test_inspector.ipynb
[I 2021-04-01 00:20:08.246 ServerApp] Kernel restarted: 2c258403-486b-4885-b6d4-a5aec5fb805e
[I 2021-04-01 00:20:08.257 ServerApp] Starting buffering for 2c258403-486b-4885-b6d4-a5aec5fb805e:9f5ef2d0-f5c5-4792-add2-c4f9d2942eaa
[I 2021-04-01 00:20:08.557 ServerApp] Restoring connection for 2c258403-486b-4885-b6d4-a5aec5fb805e:9f5ef2d0-f5c5-4792-add2-c4f9d2942eaa
[I 2021-04-01 00:20:52.582 ServerApp] Saving file at /test/test_inspector.ipynb
[I 2021-04-01 00:20:54.049 ServerApp] Saving file at /test/test_inspector.ipynb
[I 2021-04-01 00:20:56.568 ServerApp] Kernel restarted: 2c258403-486b-4885-b6d4-a5aec5fb805e
[I 2021-04-01 00:20:56.576 ServerApp] Starting buffering for 2c258403-486b-4885-b6d4-a5aec5fb805e:9f5ef2d0-f5c5-4792-add2-c4f9d2942eaa
[I 2021-04-01 00:20:56.881 ServerApp] Restoring connection for 2c258403-486b-4885-b6d4-a5aec5fb805e:9f5ef2d0-f5c5-4792-add2-c4f9d2942eaa
[I 2021-04-01 00:21:17.266 ServerApp] Saving file at /test/test_inspector.ipynb
[I 2021-04-01 00:21:37.957 ServerApp] Saving file at /test/test_inspector.ipynb
[I 2021-04-01 00:21:54.725 ServerApp] Saving file at /test/test_inspector.ipynb
[I 2021-04-01 00:22:05.507 ServerApp] Saving file at /test/test_inspector.ipynb
[I 2021-04-01 00:22:07.171 ServerApp] Saving file at /test/test_inspector.ipynb
[I 2021-04-01 00:22:12.408 ServerApp] Saving file at /test/test_inspector.ipynb
[I 2021-04-01 00:22:13.507 ServerApp] Saving file at /test/test_inspector.ipynb
[I 2021-04-01 00:22:16.265 ServerApp] Kernel restarted: 2c258403-486b-4885-b6d4-a5aec5fb805e
[I 2021-04-01 00:22:16.273 ServerApp] Starting buffering for 2c258403-486b-4885-b6d4-a5aec5fb805e:9f5ef2d0-f5c5-4792-add2-c4f9d2942eaa
[I 2021-04-01 00:22:16.579 ServerApp] Restoring connection for 2c258403-486b-4885-b6d4-a5aec5fb805e:9f5ef2d0-f5c5-4792-add2-c4f9d2942eaa
[I 2021-04-01 00:22:57.879 ServerApp] Kernel restarted: 2c258403-486b-4885-b6d4-a5aec5fb805e
[I 2021-04-01 00:22:57.886 ServerApp] Starting buffering for 2c258403-486b-4885-b6d4-a5aec5fb805e:9f5ef2d0-f5c5-4792-add2-c4f9d2942eaa
[I 2021-04-01 00:22:58.190 ServerApp] Restoring connection for 2c258403-486b-4885-b6d4-a5aec5fb805e:9f5ef2d0-f5c5-4792-add2-c4f9d2942eaa
[I 2021-04-01 00:24:14.035 ServerApp] Saving file at /test/test_inspector.ipynb
[I 2021-04-01 00:25:05.347 ServerApp] Saving file at /test/test_inspector.ipynb
[I 2021-04-01 00:25:20.146 ServerApp] Saving file at /test/test_inspector.ipynb
[I 2021-04-01 00:25:33.582 ServerApp] Saving file at /test/test_inspector.ipynb
[I 2021-04-01 00:25:38.550 ServerApp] Saving file at /test/test_inspector.ipynb
[I 2021-04-01 00:26:04.765 ServerApp] Kernel restarted: 2c258403-486b-4885-b6d4-a5aec5fb805e
[I 2021-04-01 00:26:04.772 ServerApp] Starting buffering for 2c258403-486b-4885-b6d4-a5aec5fb805e:9f5ef2d0-f5c5-4792-add2-c4f9d2942eaa
[I 2021-04-01 00:26:05.076 ServerApp] Restoring connection for 2c258403-486b-4885-b6d4-a5aec5fb805e:9f5ef2d0-f5c5-4792-add2-c4f9d2942eaa
[I 2021-04-01 00:27:39.091 ServerApp] Kernel restarted: 2c258403-486b-4885-b6d4-a5aec5fb805e
[I 2021-04-01 00:27:39.100 ServerApp] Starting buffering for 2c258403-486b-4885-b6d4-a5aec5fb805e:9f5ef2d0-f5c5-4792-add2-c4f9d2942eaa
[I 2021-04-01 00:27:39.107 ServerApp] Saving file at /test/test_inspector.ipynb
[I 2021-04-01 00:27:39.402 ServerApp] Restoring connection for 2c258403-486b-4885-b6d4-a5aec5fb805e:9f5ef2d0-f5c5-4792-add2-c4f9d2942eaa
[I 2021-04-01 00:28:45.593 ServerApp] Kernel restarted: 2c258403-486b-4885-b6d4-a5aec5fb805e
[I 2021-04-01 00:28:45.600 ServerApp] Starting buffering for 2c258403-486b-4885-b6d4-a5aec5fb805e:9f5ef2d0-f5c5-4792-add2-c4f9d2942eaa
[I 2021-04-01 00:28:45.905 ServerApp] Restoring connection for 2c258403-486b-4885-b6d4-a5aec5fb805e:9f5ef2d0-f5c5-4792-add2-c4f9d2942eaa
[I 2021-04-01 00:29:03.972 ServerApp] Saving file at /test/test_inspector.ipynb
[I 2021-04-01 00:29:24.304 ServerApp] Saving file at /test/test_inspector.ipynb
[I 2021-04-01 00:29:28.226 ServerApp] Saving file at /test/test_inspector.ipynb
[I 2021-04-01 00:29:37.015 ServerApp] Saving file at /test/test_inspector.ipynb
[I 2021-04-01 00:29:39.684 ServerApp] Saving file at /test/test_inspector.ipynb
[I 2021-04-01 00:29:52.274 ServerApp] Saving file at /test/test_inspector.ipynb
[I 2021-04-01 00:30:01.069 ServerApp] Saving file at /test/test_inspector.ipynb
[I 2021-04-01 00:30:04.243 ServerApp] Saving file at /test/test_inspector.ipynb
[I 2021-04-01 00:30:05.189 ServerApp] Saving file at /test/test_inspector.ipynb
[I 2021-04-01 00:30:22.734 ServerApp] Saving file at /test/test_inspector.ipynb
[I 2021-04-01 00:30:27.523 ServerApp] Saving file at /test/test_inspector.ipynb
[I 2021-04-01 00:30:29.953 ServerApp] Saving file at /test/test_inspector.ipynb
[I 2021-04-01 00:30:37.140 ServerApp] Saving file at /test/test_inspector.ipynb
[I 2021-04-01 00:30:37.843 ServerApp] Saving file at /test/test_inspector.ipynb
[I 2021-04-01 00:30:44.674 ServerApp] Saving file at /test/test_inspector.ipynb
[I 2021-04-01 00:30:45.590 ServerApp] Saving file at /test/test_inspector.ipynb
[I 2021-04-01 00:31:05.923 ServerApp] Saving file at /test/test_inspector.ipynb
[I 2021-04-01 00:32:10.393 ServerApp] Kernel restarted: 2c258403-486b-4885-b6d4-a5aec5fb805e
[I 2021-04-01 00:32:10.404 ServerApp] Starting buffering for 2c258403-486b-4885-b6d4-a5aec5fb805e:9f5ef2d0-f5c5-4792-add2-c4f9d2942eaa
[I 2021-04-01 00:32:10.705 ServerApp] Restoring connection for 2c258403-486b-4885-b6d4-a5aec5fb805e:9f5ef2d0-f5c5-4792-add2-c4f9d2942eaa
[I 2021-04-01 00:32:39.651 ServerApp] Kernel restarted: 2c258403-486b-4885-b6d4-a5aec5fb805e
[I 2021-04-01 00:32:39.660 ServerApp] Starting buffering for 2c258403-486b-4885-b6d4-a5aec5fb805e:9f5ef2d0-f5c5-4792-add2-c4f9d2942eaa
[I 2021-04-01 00:32:39.965 ServerApp] Restoring connection for 2c258403-486b-4885-b6d4-a5aec5fb805e:9f5ef2d0-f5c5-4792-add2-c4f9d2942eaa
[I 2021-04-01 00:33:07.043 ServerApp] Saving file at /test/test_inspector.ipynb
[I 2021-04-01 09:32:48.756 ServerApp] Kernel restarted: 2c258403-486b-4885-b6d4-a5aec5fb805e
[I 2021-04-01 09:32:48.764 ServerApp] Starting buffering for 2c258403-486b-4885-b6d4-a5aec5fb805e:9f5ef2d0-f5c5-4792-add2-c4f9d2942eaa
[I 2021-04-01 09:32:49.070 ServerApp] Restoring connection for 2c258403-486b-4885-b6d4-a5aec5fb805e:9f5ef2d0-f5c5-4792-add2-c4f9d2942eaa
[I 2021-04-01 09:33:48.564 ServerApp] Saving file at /test/test_inspector.ipynb
[I 2021-04-01 09:34:04.380 ServerApp] Saving file at /test/test_inspector.ipynb
[I 2021-04-01 09:34:08.603 ServerApp] Saving file at /test/test_inspector.ipynb
[I 2021-04-01 09:34:09.338 ServerApp] Saving file at /test/test_inspector.ipynb
[I 2021-04-01 09:34:13.060 ServerApp] Kernel restarted: 2c258403-486b-4885-b6d4-a5aec5fb805e
[I 2021-04-01 09:34:13.065 ServerApp] Starting buffering for 2c258403-486b-4885-b6d4-a5aec5fb805e:9f5ef2d0-f5c5-4792-add2-c4f9d2942eaa
[I 2021-04-01 09:34:13.370 ServerApp] Restoring connection for 2c258403-486b-4885-b6d4-a5aec5fb805e:9f5ef2d0-f5c5-4792-add2-c4f9d2942eaa
[I 2021-04-01 09:34:26.218 ServerApp] Saving file at /test/test_inspector.ipynb
[I 2021-04-01 09:34:27.146 ServerApp] Saving file at /test/test_inspector.ipynb
[I 2021-04-01 09:34:30.401 ServerApp] Kernel restarted: 2c258403-486b-4885-b6d4-a5aec5fb805e
[I 2021-04-01 09:34:30.409 ServerApp] Starting buffering for 2c258403-486b-4885-b6d4-a5aec5fb805e:9f5ef2d0-f5c5-4792-add2-c4f9d2942eaa
[I 2021-04-01 09:34:30.714 ServerApp] Restoring connection for 2c258403-486b-4885-b6d4-a5aec5fb805e:9f5ef2d0-f5c5-4792-add2-c4f9d2942eaa
[I 2021-04-01 09:35:55.783 ServerApp] Saving file at /test/test_inspector.ipynb
[I 2021-04-01 09:35:59.260 ServerApp] Kernel restarted: 2c258403-486b-4885-b6d4-a5aec5fb805e
[I 2021-04-01 09:35:59.266 ServerApp] Starting buffering for 2c258403-486b-4885-b6d4-a5aec5fb805e:9f5ef2d0-f5c5-4792-add2-c4f9d2942eaa
[I 2021-04-01 09:35:59.571 ServerApp] Restoring connection for 2c258403-486b-4885-b6d4-a5aec5fb805e:9f5ef2d0-f5c5-4792-add2-c4f9d2942eaa
[I 2021-04-01 09:37:56.044 ServerApp] Saving file at /test/test_inspector.ipynb
[I 2021-04-01 09:39:46.980 ServerApp] Kernel restarted: 2c258403-486b-4885-b6d4-a5aec5fb805e
[I 2021-04-01 09:39:46.987 ServerApp] Starting buffering for 2c258403-486b-4885-b6d4-a5aec5fb805e:9f5ef2d0-f5c5-4792-add2-c4f9d2942eaa
[I 2021-04-01 09:39:47.294 ServerApp] Restoring connection for 2c258403-486b-4885-b6d4-a5aec5fb805e:9f5ef2d0-f5c5-4792-add2-c4f9d2942eaa
[W 2021-04-01 09:39:51.807 ServerApp] Nudge: attempt 10 on kernel 2c258403-486b-4885-b6d4-a5aec5fb805e
[I 2021-04-01 09:39:56.193 ServerApp] Saving file at /test/test_inspector.ipynb
[I 2021-04-01 09:41:20.926 ServerApp] Kernel restarted: 2c258403-486b-4885-b6d4-a5aec5fb805e
[I 2021-04-01 09:41:20.934 ServerApp] Starting buffering for 2c258403-486b-4885-b6d4-a5aec5fb805e:9f5ef2d0-f5c5-4792-add2-c4f9d2942eaa
[I 2021-04-01 09:41:21.238 ServerApp] Restoring connection for 2c258403-486b-4885-b6d4-a5aec5fb805e:9f5ef2d0-f5c5-4792-add2-c4f9d2942eaa
[I 2021-04-01 09:41:57.069 ServerApp] Saving file at /test/test_inspector.ipynb
[I 2021-04-01 09:42:14.200 ServerApp] Kernel restarted: 2c258403-486b-4885-b6d4-a5aec5fb805e
[I 2021-04-01 09:42:14.208 ServerApp] Starting buffering for 2c258403-486b-4885-b6d4-a5aec5fb805e:9f5ef2d0-f5c5-4792-add2-c4f9d2942eaa
[I 2021-04-01 09:42:14.512 ServerApp] Restoring connection for 2c258403-486b-4885-b6d4-a5aec5fb805e:9f5ef2d0-f5c5-4792-add2-c4f9d2942eaa
[I 2021-04-01 09:43:58.054 ServerApp] Saving file at /test/test_inspector.ipynb
[I 2021-04-01 09:45:12.080 ServerApp] Kernel restarted: 2c258403-486b-4885-b6d4-a5aec5fb805e
[I 2021-04-01 09:45:12.088 ServerApp] Starting buffering for 2c258403-486b-4885-b6d4-a5aec5fb805e:9f5ef2d0-f5c5-4792-add2-c4f9d2942eaa
[I 2021-04-01 09:45:12.416 ServerApp] Restoring connection for 2c258403-486b-4885-b6d4-a5aec5fb805e:9f5ef2d0-f5c5-4792-add2-c4f9d2942eaa
[I 2021-04-01 09:45:58.262 ServerApp] Saving file at /test/test_inspector.ipynb
[I 2021-04-01 09:48:06.536 ServerApp] Kernel restarted: 2c258403-486b-4885-b6d4-a5aec5fb805e
[I 2021-04-01 09:48:06.543 ServerApp] Starting buffering for 2c258403-486b-4885-b6d4-a5aec5fb805e:9f5ef2d0-f5c5-4792-add2-c4f9d2942eaa
[I 2021-04-01 09:48:06.847 ServerApp] Restoring connection for 2c258403-486b-4885-b6d4-a5aec5fb805e:9f5ef2d0-f5c5-4792-add2-c4f9d2942eaa
[I 2021-04-01 09:48:31.974 ServerApp] Kernel restarted: 2c258403-486b-4885-b6d4-a5aec5fb805e
[I 2021-04-01 09:48:31.982 ServerApp] Starting buffering for 2c258403-486b-4885-b6d4-a5aec5fb805e:9f5ef2d0-f5c5-4792-add2-c4f9d2942eaa
[I 2021-04-01 09:48:32.287 ServerApp] Restoring connection for 2c258403-486b-4885-b6d4-a5aec5fb805e:9f5ef2d0-f5c5-4792-add2-c4f9d2942eaa
[I 2021-04-01 09:49:56.718 ServerApp] Kernel restarted: 2c258403-486b-4885-b6d4-a5aec5fb805e
[I 2021-04-01 09:49:56.725 ServerApp] Starting buffering for 2c258403-486b-4885-b6d4-a5aec5fb805e:9f5ef2d0-f5c5-4792-add2-c4f9d2942eaa
[I 2021-04-01 09:49:57.030 ServerApp] Restoring connection for 2c258403-486b-4885-b6d4-a5aec5fb805e:9f5ef2d0-f5c5-4792-add2-c4f9d2942eaa
[I 2021-04-01 09:49:59.036 ServerApp] Saving file at /test/test_inspector.ipynb
[I 2021-04-01 09:51:09.992 ServerApp] Kernel restarted: 2c258403-486b-4885-b6d4-a5aec5fb805e
[I 2021-04-01 09:51:09.998 ServerApp] Starting buffering for 2c258403-486b-4885-b6d4-a5aec5fb805e:9f5ef2d0-f5c5-4792-add2-c4f9d2942eaa
[I 2021-04-01 09:51:10.303 ServerApp] Restoring connection for 2c258403-486b-4885-b6d4-a5aec5fb805e:9f5ef2d0-f5c5-4792-add2-c4f9d2942eaa
[I 2021-04-01 09:52:00.038 ServerApp] Saving file at /test/test_inspector.ipynb
[I 2021-04-01 09:53:20.896 ServerApp] Kernel restarted: 2c258403-486b-4885-b6d4-a5aec5fb805e
[I 2021-04-01 09:53:20.904 ServerApp] Starting buffering for 2c258403-486b-4885-b6d4-a5aec5fb805e:9f5ef2d0-f5c5-4792-add2-c4f9d2942eaa
[I 2021-04-01 09:53:21.208 ServerApp] Restoring connection for 2c258403-486b-4885-b6d4-a5aec5fb805e:9f5ef2d0-f5c5-4792-add2-c4f9d2942eaa
[I 2021-04-01 09:54:01.038 ServerApp] Saving file at /test/test_inspector.ipynb
[I 2021-04-01 09:55:50.676 ServerApp] Kernel restarted: 2c258403-486b-4885-b6d4-a5aec5fb805e
[I 2021-04-01 09:55:50.683 ServerApp] Starting buffering for 2c258403-486b-4885-b6d4-a5aec5fb805e:9f5ef2d0-f5c5-4792-add2-c4f9d2942eaa
[I 2021-04-01 09:55:50.989 ServerApp] Restoring connection for 2c258403-486b-4885-b6d4-a5aec5fb805e:9f5ef2d0-f5c5-4792-add2-c4f9d2942eaa
[I 2021-04-01 09:56:01.175 ServerApp] Saving file at /test/test_inspector.ipynb
[I 2021-04-01 09:56:15.465 ServerApp] Kernel restarted: 2c258403-486b-4885-b6d4-a5aec5fb805e
[I 2021-04-01 09:56:15.472 ServerApp] Starting buffering for 2c258403-486b-4885-b6d4-a5aec5fb805e:9f5ef2d0-f5c5-4792-add2-c4f9d2942eaa
[I 2021-04-01 09:56:15.776 ServerApp] Restoring connection for 2c258403-486b-4885-b6d4-a5aec5fb805e:9f5ef2d0-f5c5-4792-add2-c4f9d2942eaa
[I 2021-04-01 09:58:02.038 ServerApp] Saving file at /test/test_inspector.ipynb
[I 2021-04-01 10:00:14.653 ServerApp] Saving file at /test/test_inspector.ipynb
[I 2021-04-01 10:00:31.623 ServerApp] Saving file at /test/test_inspector.ipynb
[I 2021-04-01 10:00:31.976 ServerApp] Saving file at /test/test_inspector.ipynb
[I 2021-04-01 10:00:39.084 ServerApp] Kernel restarted: 2c258403-486b-4885-b6d4-a5aec5fb805e
[I 2021-04-01 10:00:39.091 ServerApp] Starting buffering for 2c258403-486b-4885-b6d4-a5aec5fb805e:9f5ef2d0-f5c5-4792-add2-c4f9d2942eaa
[I 2021-04-01 10:00:39.397 ServerApp] Restoring connection for 2c258403-486b-4885-b6d4-a5aec5fb805e:9f5ef2d0-f5c5-4792-add2-c4f9d2942eaa
[I 2021-04-01 10:01:19.810 ServerApp] Kernel restarted: 2c258403-486b-4885-b6d4-a5aec5fb805e
[I 2021-04-01 10:01:19.817 ServerApp] Starting buffering for 2c258403-486b-4885-b6d4-a5aec5fb805e:9f5ef2d0-f5c5-4792-add2-c4f9d2942eaa
[I 2021-04-01 10:01:20.121 ServerApp] Restoring connection for 2c258403-486b-4885-b6d4-a5aec5fb805e:9f5ef2d0-f5c5-4792-add2-c4f9d2942eaa
[I 2021-04-01 10:01:57.905 ServerApp] Saving file at /test/test_inspector.ipynb
[I 2021-04-01 10:02:07.090 ServerApp] Saving file at /test/test_inspector.ipynb
[I 2021-04-01 10:02:19.058 ServerApp] Saving file at /test/test_inspector.ipynb
[I 2021-04-01 10:02:28.375 ServerApp] Saving file at /test/test_inspector.ipynb
[I 2021-04-01 10:02:29.438 ServerApp] Saving file at /test/test_inspector.ipynb
[I 2021-04-01 10:02:46.316 ServerApp] Saving file at /test/test_inspector.ipynb
[I 2021-04-01 10:03:15.819 ServerApp] Kernel restarted: 2c258403-486b-4885-b6d4-a5aec5fb805e
[I 2021-04-01 10:03:15.826 ServerApp] Starting buffering for 2c258403-486b-4885-b6d4-a5aec5fb805e:9f5ef2d0-f5c5-4792-add2-c4f9d2942eaa
[I 2021-04-01 10:03:16.145 ServerApp] Restoring connection for 2c258403-486b-4885-b6d4-a5aec5fb805e:9f5ef2d0-f5c5-4792-add2-c4f9d2942eaa
[W 2021-04-01 10:03:20.659 ServerApp] Nudge: attempt 10 on kernel 2c258403-486b-4885-b6d4-a5aec5fb805e
[I 2021-04-01 10:03:48.037 ServerApp] Kernel restarted: 2c258403-486b-4885-b6d4-a5aec5fb805e
[I 2021-04-01 10:03:48.043 ServerApp] Starting buffering for 2c258403-486b-4885-b6d4-a5aec5fb805e:9f5ef2d0-f5c5-4792-add2-c4f9d2942eaa
[I 2021-04-01 10:03:48.357 ServerApp] Restoring connection for 2c258403-486b-4885-b6d4-a5aec5fb805e:9f5ef2d0-f5c5-4792-add2-c4f9d2942eaa
[I 2021-04-01 10:04:47.169 ServerApp] Saving file at /test/test_inspector.ipynb
[I 2021-04-01 10:05:11.750 ServerApp] Kernel restarted: 2c258403-486b-4885-b6d4-a5aec5fb805e
[I 2021-04-01 10:05:11.765 ServerApp] Starting buffering for 2c258403-486b-4885-b6d4-a5aec5fb805e:9f5ef2d0-f5c5-4792-add2-c4f9d2942eaa
[I 2021-04-01 10:05:12.071 ServerApp] Restoring connection for 2c258403-486b-4885-b6d4-a5aec5fb805e:9f5ef2d0-f5c5-4792-add2-c4f9d2942eaa
[I 2021-04-01 10:06:48.093 ServerApp] Saving file at /test/test_inspector.ipynb
[I 2021-04-01 10:10:58.423 ServerApp] Kernel restarted: 2c258403-486b-4885-b6d4-a5aec5fb805e
[I 2021-04-01 10:10:58.429 ServerApp] Starting buffering for 2c258403-486b-4885-b6d4-a5aec5fb805e:9f5ef2d0-f5c5-4792-add2-c4f9d2942eaa
[I 2021-04-01 10:10:58.760 ServerApp] Restoring connection for 2c258403-486b-4885-b6d4-a5aec5fb805e:9f5ef2d0-f5c5-4792-add2-c4f9d2942eaa
[I 2021-04-01 10:12:01.981 ServerApp] Kernel restarted: 2c258403-486b-4885-b6d4-a5aec5fb805e
[I 2021-04-01 10:12:01.989 ServerApp] Starting buffering for 2c258403-486b-4885-b6d4-a5aec5fb805e:9f5ef2d0-f5c5-4792-add2-c4f9d2942eaa
[I 2021-04-01 10:12:02.294 ServerApp] Restoring connection for 2c258403-486b-4885-b6d4-a5aec5fb805e:9f5ef2d0-f5c5-4792-add2-c4f9d2942eaa
[W 2021-04-01 10:12:06.804 ServerApp] Nudge: attempt 10 on kernel 2c258403-486b-4885-b6d4-a5aec5fb805e
[I 2021-04-01 10:12:51.038 ServerApp] Saving file at /test/test_inspector.ipynb
[I 2021-04-01 10:14:05.935 ServerApp] Kernel restarted: 2c258403-486b-4885-b6d4-a5aec5fb805e
[I 2021-04-01 10:14:05.941 ServerApp] Starting buffering for 2c258403-486b-4885-b6d4-a5aec5fb805e:9f5ef2d0-f5c5-4792-add2-c4f9d2942eaa
[I 2021-04-01 10:14:06.271 ServerApp] Restoring connection for 2c258403-486b-4885-b6d4-a5aec5fb805e:9f5ef2d0-f5c5-4792-add2-c4f9d2942eaa
[W 2021-04-01 10:14:10.781 ServerApp] Nudge: attempt 10 on kernel 2c258403-486b-4885-b6d4-a5aec5fb805e
[I 2021-04-01 10:14:26.656 ServerApp] Kernel restarted: 2c258403-486b-4885-b6d4-a5aec5fb805e
[I 2021-04-01 10:14:26.664 ServerApp] Starting buffering for 2c258403-486b-4885-b6d4-a5aec5fb805e:9f5ef2d0-f5c5-4792-add2-c4f9d2942eaa
[I 2021-04-01 10:14:26.968 ServerApp] Restoring connection for 2c258403-486b-4885-b6d4-a5aec5fb805e:9f5ef2d0-f5c5-4792-add2-c4f9d2942eaa
[I 2021-04-01 10:14:27.314 ServerApp] Replaying 26 buffered messages
[I 2021-04-01 10:14:33.794 ServerApp] Saving file at /test/test_inspector.ipynb
[I 2021-04-01 10:16:51.409 ServerApp] Kernel restarted: 2c258403-486b-4885-b6d4-a5aec5fb805e
[I 2021-04-01 10:16:51.416 ServerApp] Starting buffering for 2c258403-486b-4885-b6d4-a5aec5fb805e:9f5ef2d0-f5c5-4792-add2-c4f9d2942eaa
[I 2021-04-01 10:16:51.721 ServerApp] Restoring connection for 2c258403-486b-4885-b6d4-a5aec5fb805e:9f5ef2d0-f5c5-4792-add2-c4f9d2942eaa
[I 2021-04-01 10:18:03.697 ServerApp] Kernel restarted: 2c258403-486b-4885-b6d4-a5aec5fb805e
[I 2021-04-01 10:18:03.704 ServerApp] Starting buffering for 2c258403-486b-4885-b6d4-a5aec5fb805e:9f5ef2d0-f5c5-4792-add2-c4f9d2942eaa
[I 2021-04-01 10:18:04.010 ServerApp] Restoring connection for 2c258403-486b-4885-b6d4-a5aec5fb805e:9f5ef2d0-f5c5-4792-add2-c4f9d2942eaa
[I 2021-04-01 10:18:33.870 ServerApp] Kernel restarted: 2c258403-486b-4885-b6d4-a5aec5fb805e
[I 2021-04-01 10:18:33.878 ServerApp] Starting buffering for 2c258403-486b-4885-b6d4-a5aec5fb805e:9f5ef2d0-f5c5-4792-add2-c4f9d2942eaa
[I 2021-04-01 10:18:34.036 ServerApp] Saving file at /test/test_inspector.ipynb
[I 2021-04-01 10:18:34.181 ServerApp] Restoring connection for 2c258403-486b-4885-b6d4-a5aec5fb805e:9f5ef2d0-f5c5-4792-add2-c4f9d2942eaa
[I 2021-04-01 10:18:46.649 ServerApp] Kernel restarted: 2c258403-486b-4885-b6d4-a5aec5fb805e
[I 2021-04-01 10:18:46.657 ServerApp] Starting buffering for 2c258403-486b-4885-b6d4-a5aec5fb805e:9f5ef2d0-f5c5-4792-add2-c4f9d2942eaa
[I 2021-04-01 10:18:46.965 ServerApp] Restoring connection for 2c258403-486b-4885-b6d4-a5aec5fb805e:9f5ef2d0-f5c5-4792-add2-c4f9d2942eaa
[I 2021-04-01 10:20:32.275 ServerApp] Kernel restarted: 2c258403-486b-4885-b6d4-a5aec5fb805e
[I 2021-04-01 10:20:32.282 ServerApp] Starting buffering for 2c258403-486b-4885-b6d4-a5aec5fb805e:9f5ef2d0-f5c5-4792-add2-c4f9d2942eaa
[I 2021-04-01 10:20:32.586 ServerApp] Restoring connection for 2c258403-486b-4885-b6d4-a5aec5fb805e:9f5ef2d0-f5c5-4792-add2-c4f9d2942eaa
[I 2021-04-01 10:20:34.177 ServerApp] Saving file at /test/test_inspector.ipynb
[I 2021-04-01 10:21:32.390 ServerApp] Kernel restarted: 2c258403-486b-4885-b6d4-a5aec5fb805e
[I 2021-04-01 10:21:32.396 ServerApp] Starting buffering for 2c258403-486b-4885-b6d4-a5aec5fb805e:9f5ef2d0-f5c5-4792-add2-c4f9d2942eaa
[I 2021-04-01 10:21:32.702 ServerApp] Restoring connection for 2c258403-486b-4885-b6d4-a5aec5fb805e:9f5ef2d0-f5c5-4792-add2-c4f9d2942eaa
[W 2021-04-01 10:21:37.212 ServerApp] Nudge: attempt 10 on kernel 2c258403-486b-4885-b6d4-a5aec5fb805e
[I 2021-04-01 10:22:35.064 ServerApp] Saving file at /test/test_inspector.ipynb
[I 2021-04-01 10:22:56.709 ServerApp] Kernel restarted: 2c258403-486b-4885-b6d4-a5aec5fb805e
[I 2021-04-01 10:22:56.715 ServerApp] Starting buffering for 2c258403-486b-4885-b6d4-a5aec5fb805e:9f5ef2d0-f5c5-4792-add2-c4f9d2942eaa
[I 2021-04-01 10:22:57.023 ServerApp] Restoring connection for 2c258403-486b-4885-b6d4-a5aec5fb805e:9f5ef2d0-f5c5-4792-add2-c4f9d2942eaa
[I 2021-04-01 10:23:08.671 ServerApp] Kernel restarted: 2c258403-486b-4885-b6d4-a5aec5fb805e
[I 2021-04-01 10:23:08.677 ServerApp] Starting buffering for 2c258403-486b-4885-b6d4-a5aec5fb805e:9f5ef2d0-f5c5-4792-add2-c4f9d2942eaa
[I 2021-04-01 10:23:08.982 ServerApp] Restoring connection for 2c258403-486b-4885-b6d4-a5aec5fb805e:9f5ef2d0-f5c5-4792-add2-c4f9d2942eaa
[I 2021-04-01 10:23:18.734 ServerApp] Kernel restarted: 2c258403-486b-4885-b6d4-a5aec5fb805e
[I 2021-04-01 10:23:18.740 ServerApp] Starting buffering for 2c258403-486b-4885-b6d4-a5aec5fb805e:9f5ef2d0-f5c5-4792-add2-c4f9d2942eaa
[I 2021-04-01 10:23:19.046 ServerApp] Restoring connection for 2c258403-486b-4885-b6d4-a5aec5fb805e:9f5ef2d0-f5c5-4792-add2-c4f9d2942eaa
[I 2021-04-01 10:23:29.406 ServerApp] Kernel restarted: 2c258403-486b-4885-b6d4-a5aec5fb805e
[I 2021-04-01 10:23:29.412 ServerApp] Starting buffering for 2c258403-486b-4885-b6d4-a5aec5fb805e:9f5ef2d0-f5c5-4792-add2-c4f9d2942eaa
[I 2021-04-01 10:23:29.717 ServerApp] Restoring connection for 2c258403-486b-4885-b6d4-a5aec5fb805e:9f5ef2d0-f5c5-4792-add2-c4f9d2942eaa
[I 2021-04-01 10:24:35.265 ServerApp] Saving file at /test/test_inspector.ipynb
[I 2021-04-01 10:26:05.333 ServerApp] Kernel restarted: 2c258403-486b-4885-b6d4-a5aec5fb805e
[I 2021-04-01 10:26:05.340 ServerApp] Starting buffering for 2c258403-486b-4885-b6d4-a5aec5fb805e:9f5ef2d0-f5c5-4792-add2-c4f9d2942eaa
[I 2021-04-01 10:26:05.647 ServerApp] Restoring connection for 2c258403-486b-4885-b6d4-a5aec5fb805e:9f5ef2d0-f5c5-4792-add2-c4f9d2942eaa
[I 2021-04-01 10:26:36.096 ServerApp] Saving file at /test/test_inspector.ipynb
[I 2021-04-01 10:27:27.799 ServerApp] Kernel restarted: 2c258403-486b-4885-b6d4-a5aec5fb805e
[I 2021-04-01 10:27:27.805 ServerApp] Starting buffering for 2c258403-486b-4885-b6d4-a5aec5fb805e:9f5ef2d0-f5c5-4792-add2-c4f9d2942eaa
[I 2021-04-01 10:27:28.109 ServerApp] Restoring connection for 2c258403-486b-4885-b6d4-a5aec5fb805e:9f5ef2d0-f5c5-4792-add2-c4f9d2942eaa
[I 2021-04-01 10:28:06.320 ServerApp] Kernel restarted: 2c258403-486b-4885-b6d4-a5aec5fb805e
[I 2021-04-01 10:28:06.329 ServerApp] Starting buffering for 2c258403-486b-4885-b6d4-a5aec5fb805e:9f5ef2d0-f5c5-4792-add2-c4f9d2942eaa
[I 2021-04-01 10:28:06.631 ServerApp] Restoring connection for 2c258403-486b-4885-b6d4-a5aec5fb805e:9f5ef2d0-f5c5-4792-add2-c4f9d2942eaa
[I 2021-04-01 10:28:36.296 ServerApp] Saving file at /test/test_inspector.ipynb
[I 2021-04-01 10:29:13.084 ServerApp] Kernel restarted: 2c258403-486b-4885-b6d4-a5aec5fb805e
[I 2021-04-01 10:29:13.091 ServerApp] Starting buffering for 2c258403-486b-4885-b6d4-a5aec5fb805e:9f5ef2d0-f5c5-4792-add2-c4f9d2942eaa
[I 2021-04-01 10:29:13.405 ServerApp] Restoring connection for 2c258403-486b-4885-b6d4-a5aec5fb805e:9f5ef2d0-f5c5-4792-add2-c4f9d2942eaa
[I 2021-04-01 10:30:37.041 ServerApp] Saving file at /test/test_inspector.ipynb
[I 2021-04-01 10:31:33.408 ServerApp] Kernel restarted: 2c258403-486b-4885-b6d4-a5aec5fb805e
[I 2021-04-01 10:31:33.416 ServerApp] Starting buffering for 2c258403-486b-4885-b6d4-a5aec5fb805e:9f5ef2d0-f5c5-4792-add2-c4f9d2942eaa
[I 2021-04-01 10:31:33.721 ServerApp] Restoring connection for 2c258403-486b-4885-b6d4-a5aec5fb805e:9f5ef2d0-f5c5-4792-add2-c4f9d2942eaa
[I 2021-04-01 10:32:37.225 ServerApp] Saving file at /test/test_inspector.ipynb
[I 2021-04-01 10:35:04.511 ServerApp] Kernel restarted: 2c258403-486b-4885-b6d4-a5aec5fb805e
[I 2021-04-01 10:35:04.517 ServerApp] Starting buffering for 2c258403-486b-4885-b6d4-a5aec5fb805e:9f5ef2d0-f5c5-4792-add2-c4f9d2942eaa
[I 2021-04-01 10:35:04.822 ServerApp] Restoring connection for 2c258403-486b-4885-b6d4-a5aec5fb805e:9f5ef2d0-f5c5-4792-add2-c4f9d2942eaa
[I 2021-04-01 10:36:38.065 ServerApp] Saving file at /test/test_inspector.ipynb
[I 2021-04-01 10:47:50.820 ServerApp] Kernel restarted: 2c258403-486b-4885-b6d4-a5aec5fb805e
[I 2021-04-01 10:47:50.828 ServerApp] Starting buffering for 2c258403-486b-4885-b6d4-a5aec5fb805e:9f5ef2d0-f5c5-4792-add2-c4f9d2942eaa
[I 2021-04-01 10:47:51.144 ServerApp] Restoring connection for 2c258403-486b-4885-b6d4-a5aec5fb805e:9f5ef2d0-f5c5-4792-add2-c4f9d2942eaa
[I 2021-04-01 10:48:01.858 ServerApp] Kernel restarted: 2c258403-486b-4885-b6d4-a5aec5fb805e
[I 2021-04-01 10:48:01.865 ServerApp] Starting buffering for 2c258403-486b-4885-b6d4-a5aec5fb805e:9f5ef2d0-f5c5-4792-add2-c4f9d2942eaa
[I 2021-04-01 10:48:02.168 ServerApp] Restoring connection for 2c258403-486b-4885-b6d4-a5aec5fb805e:9f5ef2d0-f5c5-4792-add2-c4f9d2942eaa
[I 2021-04-01 10:48:31.880 ServerApp] Kernel restarted: 2c258403-486b-4885-b6d4-a5aec5fb805e
[I 2021-04-01 10:48:31.887 ServerApp] Starting buffering for 2c258403-486b-4885-b6d4-a5aec5fb805e:9f5ef2d0-f5c5-4792-add2-c4f9d2942eaa
[I 2021-04-01 10:48:32.194 ServerApp] Restoring connection for 2c258403-486b-4885-b6d4-a5aec5fb805e:9f5ef2d0-f5c5-4792-add2-c4f9d2942eaa
[I 2021-04-01 10:48:39.039 ServerApp] Saving file at /test/test_inspector.ipynb
[I 2021-04-01 10:50:39.078 ServerApp] Kernel restarted: 2c258403-486b-4885-b6d4-a5aec5fb805e
[I 2021-04-01 10:50:39.085 ServerApp] Starting buffering for 2c258403-486b-4885-b6d4-a5aec5fb805e:9f5ef2d0-f5c5-4792-add2-c4f9d2942eaa
[I 2021-04-01 10:50:39.392 ServerApp] Restoring connection for 2c258403-486b-4885-b6d4-a5aec5fb805e:9f5ef2d0-f5c5-4792-add2-c4f9d2942eaa
[I 2021-04-01 10:50:56.725 ServerApp] Saving file at /test/test_inspector.ipynb
[I 2021-04-01 10:51:34.271 ServerApp] Kernel restarted: 2c258403-486b-4885-b6d4-a5aec5fb805e
[I 2021-04-01 10:51:34.277 ServerApp] Starting buffering for 2c258403-486b-4885-b6d4-a5aec5fb805e:9f5ef2d0-f5c5-4792-add2-c4f9d2942eaa
[I 2021-04-01 10:51:34.582 ServerApp] Restoring connection for 2c258403-486b-4885-b6d4-a5aec5fb805e:9f5ef2d0-f5c5-4792-add2-c4f9d2942eaa
[I 2021-04-01 10:52:56.836 ServerApp] Saving file at /test/test_inspector.ipynb
